Apps/Tracker/src-capacitor/android/app/build/intermediates/manifest_merge_blame_file/release/manifest-merger-blame-release-report.txt
1<?xml version="1.0" encoding="utf-8"?>
2<manifest xmlns:android="http://schemas.android.com/apk/res/android"
3    package="org.capacitor.quasar.app"
4    android:versionCode="1"
5    android:versionName="1.0" >
6
7    <uses-sdk
8        android:minSdkVersion="21"
8-->src\main\AndroidManifest.xml
9        android:targetSdkVersion="30" />
9-->src\main\AndroidManifest.xml
10
11    <!-- Permissions -->
12
13    <uses-permission android:name="android.permission.INTERNET" />
13-->src\main\AndroidManifest.xml:41:5-67
13-->src\main\AndroidManifest.xml:41:22-64
14    <uses-permission android:name="android.permission.ACCESS_COARSE_LOCATION" />
14-->src\main\AndroidManifest.xml:42:5-81
14-->src\main\AndroidManifest.xml:42:22-78
15    <uses-permission android:name="android.permission.ACCESS_FINE_LOCATION" />
15-->src\main\AndroidManifest.xml:43:5-79
15-->src\main\AndroidManifest.xml:43:22-76
16
17    <uses-feature android:name="android.hardware.location.gps" />
17-->src\main\AndroidManifest.xml:44:5-66
17-->src\main\AndroidManifest.xml:44:19-63
18
19    <application
19-->src\main\AndroidManifest.xml:5:5-37:19
20        android:allowBackup="true"
20-->src\main\AndroidManifest.xml:7:9-35
21        android:appComponentFactory="androidx.core.app.CoreComponentFactory"
21-->[androidx.core:core:1.3.2] AndroidManifest.xml:24:18-86
22        android:icon="@mipmap/ic_launcher"
22-->src\main\AndroidManifest.xml:8:9-43
23        android:label="@string/app_name"
23-->src\main\AndroidManifest.xml:9:9-41
24        android:roundIcon="@mipmap/ic_launcher_round"
24-->src\main\AndroidManifest.xml:10:9-54
25        android:supportsRtl="true"
25-->src\main\AndroidManifest.xml:11:9-35
26        android:theme="@style/AppTheme"
26-->src\main\AndroidManifest.xml:12:9-40
27        android:usesCleartextTraffic="true" >
27-->src\main\AndroidManifest.xml:6:9-44
28        <activity
28-->src\main\AndroidManifest.xml:14:9-26:20
29            android:name="org.capacitor.quasar.app.MainActivity"
29-->src\main\AndroidManifest.xml:16:13-65
30            android:configChanges="orientation|keyboardHidden|keyboard|screenSize|locale|smallestScreenSize|screenLayout|uiMode"
30-->src\main\AndroidManifest.xml:15:13-129
31            android:label="@string/title_activity_main"
31-->src\main\AndroidManifest.xml:17:13-56
32            android:launchMode="singleTask"
32-->src\main\AndroidManifest.xml:19:13-44
33            android:theme="@style/AppTheme.NoActionBarLaunch" >
33-->src\main\AndroidManifest.xml:18:13-62
34            <intent-filter>
34-->src\main\AndroidManifest.xml:21:13-24:29
35                <action android:name="android.intent.action.MAIN" />
35-->src\main\AndroidManifest.xml:22:17-69
35-->src\main\AndroidManifest.xml:22:25-66
36
37                <category android:name="android.intent.category.LAUNCHER" />
37-->src\main\AndroidManifest.xml:23:17-77
37-->src\main\AndroidManifest.xml:23:27-74
38            </intent-filter>
39        </activity>
40
41        <provider
42            android:name="androidx.core.content.FileProvider"
42-->src\main\AndroidManifest.xml:29:13-62
43            android:authorities="org.capacitor.quasar.app.fileprovider"
43-->src\main\AndroidManifest.xml:30:13-64
44            android:exported="false"
44-->src\main\AndroidManifest.xml:31:13-37
45            android:grantUriPermissions="true" >
45-->src\main\AndroidManifest.xml:32:13-47
46            <meta-data
46-->src\main\AndroidManifest.xml:33:13-35:64
47                android:name="android.support.FILE_PROVIDER_PATHS"
47-->src\main\AndroidManifest.xml:34:17-67
48                android:resource="@xml/file_paths" />
48-->src\main\AndroidManifest.xml:35:17-51
49        </provider>
50
51        <activity
51-->[com.google.android.gms:play-services-base:17.3.0] AndroidManifest.xml:23:9-26:75
52            android:name="com.google.android.gms.common.api.GoogleApiActivity"
52-->[com.google.android.gms:play-services-base:17.3.0] AndroidManifest.xml:24:13-79
53            android:exported="false"
53-->[com.google.android.gms:play-services-base:17.3.0] AndroidManifest.xml:25:13-37
54            android:theme="@android:style/Theme.Translucent.NoTitleBar" />
54-->[com.google.android.gms:play-services-base:17.3.0] AndroidManifest.xml:26:13-72
55
56        <meta-data
56-->[com.google.android.gms:play-services-basement:17.3.0] AndroidManifest.xml:23:9-25:69
57            android:name="com.google.android.gms.version"
57-->[com.google.android.gms:play-services-basement:17.3.0] AndroidManifest.xml:24:13-58
58            android:value="@integer/google_play_services_version" />
58-->[com.google.android.gms:play-services-basement:17.3.0] AndroidManifest.xml:25:13-66
59    </application>
60
61</manifest>